/var/spool/slurmd/job17051645/slurm_script: line 11: nvcc: command not found
Fri Dec  1 11:35:36 2023       
+-----------------------------------------------------------------------------+
| NVIDIA-SMI 470.161.03   Driver Version: 470.161.03   CUDA Version: 11.4     |
|-------------------------------+----------------------+----------------------+
| GPU  Name        Persistence-M| Bus-Id        Disp.A | Volatile Uncorr. ECC |
| Fan  Temp  Perf  Pwr:Usage/Cap|         Memory-Usage | GPU-Util  Compute M. |
|                               |                      |               MIG M. |
|===============================+======================+======================|
|   0  GRID V100S-32Q      On   | 00000000:02:01.0 Off |                    0 |
| N/A   N/A    P0    N/A /  N/A |   2192MiB / 32768MiB |      0%      Default |
|                               |                      |                  N/A |
+-------------------------------+----------------------+----------------------+
                                                                               
+-----------------------------------------------------------------------------+
| Processes:                                                                  |
|  GPU   GI   CI        PID   Type   Process name                  GPU Memory |
|        ID   ID                                                   Usage      |
|=============================================================================|
|  No running processes found                                                 |
+-----------------------------------------------------------------------------+
res-hpc-gpu08.researchlumc.nl
Cuda devices: 0
Map:   0%|          | 0/650000 [00:00<?, ? examples/s]Map:   0%|          | 1000/650000 [00:03<38:30, 280.84 examples/s]Map:   0%|          | 2000/650000 [00:06<35:14, 306.50 examples/s]Map:   0%|          | 3000/650000 [00:09<34:44, 310.41 examples/s]Map:   1%|          | 4000/650000 [00:12<33:18, 323.26 examples/s]Map:   1%|          | 5000/650000 [00:15<32:50, 327.32 examples/s]Map:   1%|          | 6000/650000 [00:18<32:28, 330.54 examples/s]Map:   1%|          | 7000/650000 [00:21<32:15, 332.21 examples/s]Map:   1%|          | 8000/650000 [00:24<30:50, 347.00 examples/s]Map:   1%|▏         | 9000/650000 [00:27<30:51, 346.21 examples/s]Map:   2%|▏         | 10000/650000 [00:29<30:35, 348.61 examples/s]Map:   2%|▏         | 11000/650000 [00:32<30:15, 351.88 examples/s]Map:   2%|▏         | 12000/650000 [00:35<29:57, 354.96 examples/s]Map:   2%|▏         | 13000/650000 [00:38<29:30, 359.83 examples/s]Map:   2%|▏         | 14000/650000 [00:41<29:49, 355.39 examples/s]Map:   2%|▏         | 15000/650000 [00:44<30:15, 349.78 examples/s]Map:   2%|▏         | 16000/650000 [00:46<30:02, 351.76 examples/s]Map:   3%|▎         | 17000/650000 [00:49<30:12, 349.16 examples/s]Map:   3%|▎         | 18000/650000 [00:52<30:12, 348.59 examples/s]Map:   3%|▎         | 19000/650000 [00:55<30:39, 342.95 examples/s]Map:   3%|▎         | 20000/650000 [00:58<30:34, 343.33 examples/s]Map:   3%|▎         | 21000/650000 [01:01<30:45, 340.92 examples/s]Map:   3%|▎         | 22000/650000 [01:04<30:42, 340.83 examples/s]Map:   4%|▎         | 23000/650000 [01:07<30:48, 339.11 examples/s]Map:   4%|▎         | 24000/650000 [01:10<30:31, 341.84 examples/s]Map:   4%|▍         | 25000/650000 [01:14<34:26, 302.40 examples/s]Map:   4%|▍         | 26000/650000 [01:18<35:57, 289.26 examples/s]Map:   4%|▍         | 27000/650000 [01:20<33:10, 313.02 examples/s]Map:   4%|▍         | 28000/650000 [01:23<31:03, 333.84 examples/s]Map:   4%|▍         | 29000/650000 [01:26<30:19, 341.24 examples/s]Map:   5%|▍         | 30000/650000 [01:28<29:11, 354.03 examples/s]Map:   5%|▍         | 31000/650000 [01:31<29:13, 352.92 examples/s]Map:   5%|▍         | 32000/650000 [01:34<29:19, 351.28 examples/s]Map:   5%|▌         | 33000/650000 [01:37<28:27, 361.38 examples/s]Map:   5%|▌         | 34000/650000 [01:39<28:20, 362.19 examples/s]Map:   5%|▌         | 35000/650000 [01:42<28:20, 361.76 examples/s]Map:   6%|▌         | 36000/650000 [01:45<28:02, 364.99 examples/s]Map:   6%|▌         | 37000/650000 [01:50<36:10, 282.36 examples/s]Map:   6%|▌         | 38000/650000 [01:53<33:15, 306.66 examples/s]Map:   6%|▌         | 39000/650000 [01:56<31:30, 323.14 examples/s]Map:   6%|▌         | 40000/650000 [01:58<30:25, 334.07 examples/s]Map:   6%|▋         | 41000/650000 [02:01<29:33, 343.46 examples/s]Map:   6%|▋         | 42000/650000 [02:04<28:27, 356.02 examples/s]Map:   7%|▋         | 43000/650000 [02:06<28:22, 356.60 examples/s]Map:   7%|▋         | 44000/650000 [02:09<28:21, 356.14 examples/s]Map:   7%|▋         | 45000/650000 [02:14<35:47, 281.78 examples/s]Map:   7%|▋         | 46000/650000 [02:17<33:48, 297.74 examples/s]Map:   7%|▋         | 47000/650000 [02:20<31:48, 315.99 examples/s]Map:   7%|▋         | 48000/650000 [02:23<29:38, 338.41 examples/s]Map:   8%|▊         | 49000/650000 [02:25<28:41, 349.11 examples/s]Map:   8%|▊         | 50000/650000 [02:28<28:32, 350.36 examples/s]Map:   8%|▊         | 51000/650000 [02:31<28:30, 350.19 examples/s]Map:   8%|▊         | 52000/650000 [02:33<27:13, 365.98 examples/s]Map:   8%|▊         | 53000/650000 [02:36<26:41, 372.76 examples/s]Map:   8%|▊         | 54000/650000 [02:40<31:07, 319.17 examples/s]Map:   8%|▊         | 55000/650000 [02:43<29:28, 336.39 examples/s]Map:   9%|▊         | 56000/650000 [02:45<27:48, 356.10 examples/s]Map:   9%|▉         | 57000/650000 [02:48<28:12, 350.33 examples/s]Map:   9%|▉         | 58000/650000 [02:51<28:37, 344.77 examples/s]Map:   9%|▉         | 59000/650000 [02:54<27:52, 353.26 examples/s]Map:   9%|▉         | 60000/650000 [02:56<27:18, 360.19 examples/s]Map:   9%|▉         | 61000/650000 [02:59<27:26, 357.65 examples/s]Map:  10%|▉         | 62000/650000 [03:02<26:52, 364.58 examples/s]Map:  10%|▉         | 63000/650000 [03:05<26:56, 363.23 examples/s]Map:  10%|▉         | 64000/650000 [03:08<27:49, 351.04 examples/s]Map:  10%|█         | 65000/650000 [03:11<27:52, 349.81 examples/s]Map:  10%|█         | 66000/650000 [03:13<27:18, 356.38 examples/s]Map:  10%|█         | 67000/650000 [03:16<27:18, 355.79 examples/s]Map:  10%|█         | 68000/650000 [03:19<27:24, 353.96 examples/s]Map:  11%|█         | 69000/650000 [03:22<26:57, 359.19 examples/s]Map:  11%|█         | 70000/650000 [03:24<26:23, 366.21 examples/s]Map:  11%|█         | 71000/650000 [03:27<26:47, 360.23 examples/s]Map:  11%|█         | 72000/650000 [03:30<27:26, 351.09 examples/s]Map:  11%|█         | 73000/650000 [03:33<28:09, 341.49 examples/s]Map:  11%|█▏        | 74000/650000 [03:36<27:18, 351.59 examples/s]Map:  12%|█▏        | 75000/650000 [03:39<27:20, 350.51 examples/s]Map:  12%|█▏        | 76000/650000 [03:42<27:12, 351.68 examples/s]Map:  12%|█▏        | 77000/650000 [03:44<26:20, 362.59 examples/s]Map:  12%|█▏        | 78000/650000 [03:47<26:07, 364.92 examples/s]Map:  12%|█▏        | 79000/650000 [03:50<26:25, 360.14 examples/s]Map:  12%|█▏        | 80000/650000 [03:52<26:06, 363.98 examples/s]Map:  12%|█▏        | 81000/650000 [03:59<37:18, 254.21 examples/s]Map:  13%|█▎        | 82000/650000 [04:02<34:05, 277.73 examples/s]Map:  13%|█▎        | 83000/650000 [04:09<42:33, 222.02 examples/s]Map:  13%|█▎        | 84000/650000 [04:11<37:00, 254.95 examples/s]Map:  13%|█▎        | 85000/650000 [04:14<33:19, 282.56 examples/s]Map:  13%|█▎        | 86000/650000 [04:16<30:07, 311.99 examples/s]Map:  13%|█▎        | 87000/650000 [04:19<28:39, 327.38 examples/s]Map:  14%|█▎        | 88000/650000 [04:22<27:41, 338.24 examples/s]Map:  14%|█▎        | 89000/650000 [04:24<26:45, 349.52 examples/s]Map:  14%|█▍        | 90000/650000 [04:27<26:33, 351.44 examples/s]Map:  14%|█▍        | 91000/650000 [04:30<27:03, 344.27 examples/s]Map:  14%|█▍        | 92000/650000 [04:33<26:43, 347.97 examples/s]Map:  14%|█▍        | 93000/650000 [04:36<26:31, 349.95 examples/s]Map:  14%|█▍        | 94000/650000 [04:38<26:07, 354.62 examples/s]Map:  15%|█▍        | 95000/650000 [04:41<25:33, 361.89 examples/s]Map:  15%|█▍        | 96000/650000 [04:44<25:00, 369.13 examples/s]Map:  15%|█▍        | 97000/650000 [04:46<25:08, 366.51 examples/s]Map:  15%|█▌        | 98000/650000 [04:49<24:30, 375.45 examples/s]Map:  15%|█▌        | 99000/650000 [04:52<24:19, 377.56 examples/s]Map:  15%|█▌        | 100000/650000 [04:54<24:33, 373.25 examples/s]Map:  16%|█▌        | 101000/650000 [04:57<25:03, 365.12 examples/s]Map:  16%|█▌        | 102000/650000 [05:00<25:20, 360.49 examples/s]Map:  16%|█▌        | 103000/650000 [05:03<25:54, 351.77 examples/s]Map:  16%|█▌        | 104000/650000 [05:06<25:44, 353.61 examples/s]Map:  16%|█▌        | 105000/650000 [05:09<25:45, 352.61 examples/s]Map:  16%|█▋        | 106000/650000 [05:12<25:45, 352.01 examples/s]Map:  16%|█▋        | 107000/650000 [05:15<26:28, 341.90 examples/s]Map:  17%|█▋        | 108000/650000 [05:18<26:10, 345.10 examples/s]Map:  17%|█▋        | 109000/650000 [05:20<25:51, 348.63 examples/s]Map:  17%|█▋        | 110000/650000 [05:24<26:44, 336.57 examples/s]Map:  17%|█▋        | 111000/650000 [05:26<26:19, 341.29 examples/s]Map:  17%|█▋        | 112000/650000 [05:29<26:07, 343.31 examples/s]Map:  17%|█▋        | 113000/650000 [05:32<25:21, 352.91 examples/s]Map:  18%|█▊        | 114000/650000 [05:35<25:31, 350.08 examples/s]Map:  18%|█▊        | 115000/650000 [05:38<25:20, 351.88 examples/s]Map:  18%|█▊        | 116000/650000 [05:40<24:29, 363.27 examples/s]Map:  18%|█▊        | 117000/650000 [05:43<23:35, 376.54 examples/s]Map:  18%|█▊        | 118000/650000 [05:45<22:52, 387.71 examples/s]Map:  18%|█▊        | 119000/650000 [05:48<23:07, 382.64 examples/s]Map:  18%|█▊        | 120000/650000 [05:50<22:20, 395.44 examples/s]Map:  19%|█▊        | 121000/650000 [05:56<30:38, 287.79 examples/s]Map:  19%|█▉        | 122000/650000 [05:59<30:00, 293.30 examples/s]Map:  19%|█▉        | 123000/650000 [06:02<28:47, 305.13 examples/s]Map:  19%|█▉        | 124000/650000 [06:05<27:17, 321.28 examples/s]Map:  19%|█▉        | 125000/650000 [06:08<26:50, 326.01 examples/s]Map:  19%|█▉        | 126000/650000 [06:11<26:48, 325.83 examples/s]Map:  20%|█▉        | 127000/650000 [06:13<25:54, 336.39 examples/s]Map:  20%|█▉        | 128000/650000 [06:17<26:54, 323.31 examples/s]Map:  20%|█▉        | 129000/650000 [06:20<26:18, 329.97 examples/s]Map:  20%|██        | 130000/650000 [06:26<36:01, 240.62 examples/s]Map:  20%|██        | 131000/650000 [06:30<33:22, 259.13 examples/s]Map:  20%|██        | 132000/650000 [06:33<30:47, 280.31 examples/s]Map:  20%|██        | 133000/650000 [06:36<29:50, 288.76 examples/s]Map:  21%|██        | 134000/650000 [06:39<28:36, 300.56 examples/s]Map:  21%|██        | 135000/650000 [06:41<26:48, 320.26 examples/s]Map:  21%|██        | 136000/650000 [06:44<26:23, 324.63 examples/s]Map:  21%|██        | 137000/650000 [06:47<26:15, 325.58 examples/s]Map:  21%|██        | 138000/650000 [06:50<26:03, 327.55 examples/s]Map:  21%|██▏       | 139000/650000 [06:54<26:09, 325.55 examples/s]Map:  22%|██▏       | 140000/650000 [06:57<25:47, 329.57 examples/s]Map:  22%|██▏       | 141000/650000 [06:59<25:35, 331.46 examples/s]Map:  22%|██▏       | 142000/650000 [07:02<25:30, 331.88 examples/s]Map:  22%|██▏       | 143000/650000 [07:05<24:54, 339.26 examples/s]Map:  22%|██▏       | 144000/650000 [07:08<24:46, 340.38 examples/s]Map:  22%|██▏       | 145000/650000 [07:11<24:20, 345.70 examples/s]Map:  22%|██▏       | 146000/650000 [07:14<23:28, 357.91 examples/s]Map:  23%|██▎       | 147000/650000 [07:16<22:56, 365.39 examples/s]Map:  23%|██▎       | 148000/650000 [07:19<22:29, 372.11 examples/s]Map:  23%|██▎       | 149000/650000 [07:21<22:17, 374.56 examples/s]Map:  23%|██▎       | 150000/650000 [07:25<24:10, 344.62 examples/s]Map:  23%|██▎       | 151000/650000 [07:28<24:03, 345.65 examples/s]Map:  23%|██▎       | 152000/650000 [07:31<24:45, 335.20 examples/s]Map:  24%|██▎       | 153000/650000 [07:34<24:10, 342.69 examples/s]Map:  24%|██▎       | 154000/650000 [07:37<25:09, 328.54 examples/s]Map:  24%|██▍       | 155000/650000 [07:40<25:33, 322.83 examples/s]Map:  24%|██▍       | 156000/650000 [07:43<25:09, 327.18 examples/s]Map:  24%|██▍       | 157000/650000 [07:46<25:31, 321.99 examples/s]Map:  24%|██▍       | 158000/650000 [07:49<24:20, 336.83 examples/s]Map:  24%|██▍       | 159000/650000 [07:52<23:57, 341.60 examples/s]Map:  25%|██▍       | 160000/650000 [07:55<24:37, 331.63 examples/s]Map:  25%|██▍       | 161000/650000 [07:58<25:23, 320.88 examples/s]Map:  25%|██▍       | 162000/650000 [08:02<26:15, 309.74 examples/s]Map:  25%|██▌       | 163000/650000 [08:08<32:33, 249.31 examples/s]Map:  25%|██▌       | 164000/650000 [08:11<30:36, 264.69 examples/s]Map:  25%|██▌       | 165000/650000 [08:15<30:15, 267.19 examples/s]Map:  26%|██▌       | 166000/650000 [08:18<29:58, 269.11 examples/s]Map:  26%|██▌       | 167000/650000 [08:22<29:07, 276.44 examples/s]Map:  26%|██▌       | 168000/650000 [08:25<28:16, 284.15 examples/s]Map:  26%|██▌       | 169000/650000 [08:28<26:17, 304.84 examples/s]Map:  26%|██▌       | 170000/650000 [08:31<26:40, 299.99 examples/s]Map:  26%|██▋       | 171000/650000 [08:35<28:11, 283.14 examples/s]Map:  26%|██▋       | 172000/650000 [08:39<29:01, 274.42 examples/s]Map:  27%|██▋       | 173000/650000 [08:43<28:49, 275.80 examples/s]Map:  27%|██▋       | 174000/650000 [08:46<28:42, 276.34 examples/s]Map:  27%|██▋       | 175000/650000 [08:49<26:50, 294.96 examples/s]Map:  27%|██▋       | 176000/650000 [08:52<25:37, 308.35 examples/s]Map:  27%|██▋       | 177000/650000 [08:55<25:19, 311.32 examples/s]Map:  27%|██▋       | 178000/650000 [08:58<24:26, 321.76 examples/s]Map:  28%|██▊       | 179000/650000 [09:01<23:38, 332.15 examples/s]Map:  28%|██▊       | 180000/650000 [09:04<23:35, 332.06 examples/s]Map:  28%|██▊       | 181000/650000 [09:07<24:36, 317.65 examples/s]Map:  28%|██▊       | 182000/650000 [09:10<23:24, 333.25 examples/s]Map:  28%|██▊       | 183000/650000 [09:13<23:44, 327.73 examples/s]Map:  28%|██▊       | 184000/650000 [09:16<23:09, 335.46 examples/s]Map:  28%|██▊       | 185000/650000 [09:19<22:52, 338.70 examples/s]Map:  29%|██▊       | 186000/650000 [09:22<23:03, 335.38 examples/s]Map:  29%|██▉       | 187000/650000 [09:25<22:14, 346.94 examples/s]Map:  29%|██▉       | 188000/650000 [09:28<22:56, 335.70 examples/s]Map:  29%|██▉       | 189000/650000 [09:31<22:48, 336.88 examples/s]Map:  29%|██▉       | 190000/650000 [09:34<22:39, 338.26 examples/s]Map:  29%|██▉       | 191000/650000 [09:37<23:12, 329.53 examples/s]Map:  30%|██▉       | 192000/650000 [09:40<23:32, 324.18 examples/s]Map:  30%|██▉       | 193000/650000 [09:45<27:08, 280.62 examples/s]Map:  30%|██▉       | 194000/650000 [09:47<25:18, 300.38 examples/s]Map:  30%|███       | 195000/650000 [09:50<23:54, 317.12 examples/s]Map:  30%|███       | 196000/650000 [09:53<23:03, 328.17 examples/s]Map:  30%|███       | 197000/650000 [09:56<22:36, 333.96 examples/s]Map:  30%|███       | 198000/650000 [09:59<22:58, 327.96 examples/s]Map:  31%|███       | 199000/650000 [10:02<23:05, 325.61 examples/s]Map:  31%|███       | 200000/650000 [10:05<22:28, 333.77 examples/s]Map:  31%|███       | 201000/650000 [10:08<22:17, 335.65 examples/s]Map:  31%|███       | 202000/650000 [10:11<21:27, 348.08 examples/s]Map:  31%|███       | 203000/650000 [10:13<21:23, 348.19 examples/s]Map:  31%|███▏      | 204000/650000 [10:16<21:08, 351.47 examples/s]Map:  32%|███▏      | 205000/650000 [10:19<20:50, 355.82 examples/s]Map:  32%|███▏      | 206000/650000 [10:22<21:03, 351.27 examples/s]Map:  32%|███▏      | 207000/650000 [10:25<20:58, 351.95 examples/s]Map:  32%|███▏      | 208000/650000 [10:27<20:44, 355.22 examples/s]Map:  32%|███▏      | 209000/650000 [10:34<27:49, 264.10 examples/s]Map:  32%|███▏      | 210000/650000 [10:36<25:34, 286.65 examples/s]Map:  32%|███▏      | 211000/650000 [10:39<24:21, 300.40 examples/s]Map:  33%|███▎      | 212000/650000 [10:42<23:18, 313.27 examples/s]Map:  33%|███▎      | 213000/650000 [10:45<22:23, 325.26 examples/s]Map:  33%|███▎      | 214000/650000 [10:48<21:43, 334.42 examples/s]Map:  33%|███▎      | 215000/650000 [10:51<22:46, 318.42 examples/s]Map:  33%|███▎      | 216000/650000 [10:54<22:35, 320.16 examples/s]Map:  33%|███▎      | 217000/650000 [10:57<22:19, 323.25 examples/s]Map:  34%|███▎      | 218000/650000 [11:00<21:34, 333.76 examples/s]Map:  34%|███▎      | 219000/650000 [11:03<20:48, 345.18 examples/s]Map:  34%|███▍      | 220000/650000 [11:06<21:13, 337.76 examples/s]Map:  34%|███▍      | 221000/650000 [11:09<21:36, 330.80 examples/s]Map:  34%|███▍      | 222000/650000 [11:12<20:58, 340.18 examples/s]Map:  34%|███▍      | 223000/650000 [11:20<31:06, 228.72 examples/s]Map:  34%|███▍      | 224000/650000 [11:22<28:07, 252.51 examples/s]Map:  35%|███▍      | 225000/650000 [11:25<25:17, 280.15 examples/s]Map:  35%|███▍      | 226000/650000 [11:28<23:31, 300.34 examples/s]Map:  35%|███▍      | 227000/650000 [11:31<22:02, 319.86 examples/s]Map:  35%|███▌      | 228000/650000 [11:34<21:43, 323.78 examples/s]Map:  35%|███▌      | 229000/650000 [11:37<21:32, 325.69 examples/s]Map:  35%|███▌      | 230000/650000 [11:39<21:02, 332.55 examples/s]Map:  36%|███▌      | 231000/650000 [11:42<20:23, 342.34 examples/s]Map:  36%|███▌      | 232000/650000 [11:46<23:07, 301.27 examples/s]Map:  36%|███▌      | 233000/650000 [11:49<22:01, 315.61 examples/s]Map:  36%|███▌      | 234000/650000 [11:52<21:23, 324.07 examples/s]Map:  36%|███▌      | 235000/650000 [11:55<21:23, 323.42 examples/s]Map:  36%|███▋      | 236000/650000 [11:59<21:43, 317.49 examples/s]Map:  36%|███▋      | 237000/650000 [12:02<21:25, 321.23 examples/s]Map:  37%|███▋      | 238000/650000 [12:04<20:40, 332.01 examples/s]Map:  37%|███▋      | 239000/650000 [12:07<19:55, 343.84 examples/s]Map:  37%|███▋      | 240000/650000 [12:10<19:37, 348.09 examples/s]Map:  37%|███▋      | 241000/650000 [12:12<18:41, 364.58 examples/s]Map:  37%|███▋      | 242000/650000 [12:15<18:33, 366.38 examples/s]Map:  37%|███▋      | 243000/650000 [12:18<18:43, 362.38 examples/s]Map:  38%|███▊      | 244000/650000 [12:20<18:10, 372.26 examples/s]Map:  38%|███▊      | 245000/650000 [12:23<18:01, 374.46 examples/s]Map:  38%|███▊      | 246000/650000 [12:25<17:44, 379.39 examples/s]Map:  38%|███▊      | 247000/650000 [12:28<17:27, 384.57 examples/s]Map:  38%|███▊      | 248000/650000 [12:31<17:26, 384.14 examples/s]Map:  38%|███▊      | 249000/650000 [12:33<17:13, 387.83 examples/s]Map:  38%|███▊      | 250000/650000 [12:36<17:26, 382.11 examples/s]Map:  39%|███▊      | 251000/650000 [12:39<17:39, 376.75 examples/s]Map:  39%|███▉      | 252000/650000 [12:41<17:34, 377.31 examples/s]Map:  39%|███▉      | 253000/650000 [12:44<17:33, 376.84 examples/s]Map:  39%|███▉      | 254000/650000 [12:46<17:06, 385.79 examples/s]Map:  39%|███▉      | 255000/650000 [12:49<17:35, 374.25 examples/s]Map:  39%|███▉      | 256000/650000 [12:52<17:26, 376.65 examples/s]Map:  40%|███▉      | 257000/650000 [12:55<17:31, 373.92 examples/s]Map:  40%|███▉      | 258000/650000 [12:57<17:38, 370.46 examples/s]Map:  40%|███▉      | 259000/650000 [13:00<17:15, 377.70 examples/s]Map:  40%|████      | 260000/650000 [13:03<17:44, 366.35 examples/s]Map:  40%|████      | 261000/650000 [13:05<17:40, 366.93 examples/s]Map:  40%|████      | 262000/650000 [13:08<17:33, 368.47 examples/s]Map:  40%|████      | 263000/650000 [13:11<17:16, 373.35 examples/s]Map:  41%|████      | 264000/650000 [13:13<17:09, 374.78 examples/s]Map:  41%|████      | 265000/650000 [13:16<17:56, 357.58 examples/s]Map:  41%|████      | 266000/650000 [13:19<17:37, 363.06 examples/s]Map:  41%|████      | 267000/650000 [13:22<17:17, 368.99 examples/s]Map:  41%|████      | 268000/650000 [13:24<16:43, 380.51 examples/s]Map:  41%|████▏     | 269000/650000 [13:27<16:27, 385.63 examples/s]Map:  42%|████▏     | 270000/650000 [13:30<17:25, 363.53 examples/s]Map:  42%|████▏     | 271000/650000 [13:33<18:20, 344.39 examples/s]Map:  42%|████▏     | 272000/650000 [13:36<18:46, 335.68 examples/s]Map:  42%|████▏     | 273000/650000 [13:40<19:21, 324.69 examples/s]Map:  42%|████▏     | 274000/650000 [13:43<19:13, 326.09 examples/s]Map:  42%|████▏     | 275000/650000 [13:45<18:23, 339.80 examples/s]Map:  42%|████▏     | 276000/650000 [13:48<17:51, 348.94 examples/s]Map:  43%|████▎     | 277000/650000 [13:51<17:26, 356.41 examples/s]Map:  43%|████▎     | 278000/650000 [13:53<17:15, 359.11 examples/s]Map:  43%|████▎     | 279000/650000 [13:56<17:05, 361.89 examples/s]Map:  43%|████▎     | 280000/650000 [13:59<17:14, 357.63 examples/s]Map:  43%|████▎     | 281000/650000 [14:02<16:58, 362.15 examples/s]Map:  43%|████▎     | 282000/650000 [14:04<17:15, 355.38 examples/s]Map:  44%|████▎     | 283000/650000 [14:07<17:02, 358.91 examples/s]Map:  44%|████▎     | 284000/650000 [14:10<17:11, 354.68 examples/s]Map:  44%|████▍     | 285000/650000 [14:13<17:07, 355.07 examples/s]Map:  44%|████▍     | 286000/650000 [14:16<17:23, 348.92 examples/s]Map:  44%|████▍     | 287000/650000 [14:19<17:09, 352.48 examples/s]Map:  44%|████▍     | 288000/650000 [14:21<16:17, 370.40 examples/s]Map:  44%|████▍     | 289000/650000 [14:24<16:04, 374.42 examples/s]Map:  45%|████▍     | 290000/650000 [14:26<16:13, 369.81 examples/s]Map:  45%|████▍     | 291000/650000 [14:29<16:13, 368.92 examples/s]Map:  45%|████▍     | 292000/650000 [14:32<15:52, 375.99 examples/s]Map:  45%|████▌     | 293000/650000 [14:35<17:02, 349.28 examples/s]Map:  45%|████▌     | 294000/650000 [14:38<17:01, 348.55 examples/s]Map:  45%|████▌     | 295000/650000 [14:41<17:03, 346.94 examples/s]Map:  46%|████▌     | 296000/650000 [14:44<17:00, 346.86 examples/s]Map:  46%|████▌     | 297000/650000 [14:47<17:00, 346.03 examples/s]Map:  46%|████▌     | 298000/650000 [14:49<16:21, 358.72 examples/s]Map:  46%|████▌     | 299000/650000 [14:52<16:21, 357.52 examples/s]Map:  46%|████▌     | 300000/650000 [14:55<16:10, 360.58 examples/s]Map:  46%|████▋     | 301000/650000 [14:58<16:26, 353.95 examples/s]Map:  46%|████▋     | 302000/650000 [15:00<16:20, 355.09 examples/s]Map:  47%|████▋     | 303000/650000 [15:03<16:01, 360.91 examples/s]Map:  47%|████▋     | 304000/650000 [15:07<17:08, 336.55 examples/s]Map:  47%|████▋     | 305000/650000 [15:09<16:26, 349.55 examples/s]Map:  47%|████▋     | 306000/650000 [15:12<16:29, 347.77 examples/s]Map:  47%|████▋     | 307000/650000 [15:15<16:59, 336.45 examples/s]Map:  47%|████▋     | 308000/650000 [15:18<16:27, 346.42 examples/s]Map:  48%|████▊     | 309000/650000 [15:21<15:55, 356.79 examples/s]Map:  48%|████▊     | 310000/650000 [15:24<16:38, 340.50 examples/s]Map:  48%|████▊     | 311000/650000 [15:26<16:07, 350.30 examples/s]Map:  48%|████▊     | 312000/650000 [15:29<15:51, 355.31 examples/s]Map:  48%|████▊     | 313000/650000 [15:32<15:37, 359.46 examples/s]Map:  48%|████▊     | 314000/650000 [15:35<16:12, 345.55 examples/s]Map:  48%|████▊     | 314000/650000 [15:51<16:12, 345.55 examples/s]Map:  48%|████▊     | 314000/650000 [17:42<18:57, 295.43 examples/s]
Traceback (most recent call last):
  File "/exports/sascstudent/svanderwal2/miniconda3/envs/train_sasc/lib/python3.10/site-packages/datasets/arrow_dataset.py", line 3493, in _map_single
    writer.write_batch(batch)
  File "/exports/sascstudent/svanderwal2/miniconda3/envs/train_sasc/lib/python3.10/site-packages/datasets/arrow_writer.py", line 559, in write_batch
    self.write_table(pa_table, writer_batch_size)
  File "/exports/sascstudent/svanderwal2/miniconda3/envs/train_sasc/lib/python3.10/site-packages/datasets/arrow_writer.py", line 577, in write_table
    self.pa_writer.write_table(pa_table, writer_batch_size)
  File "pyarrow/ipc.pxi", line 529, in pyarrow.lib._CRecordBatchWriter.write_table
  File "pyarrow/types.pxi", line 88, in pyarrow.lib._datatype_to_pep3118
  File "/exports/sascstudent/svanderwal2/miniconda3/envs/train_sasc/lib/python3.10/site-packages/fsspec/implementations/local.py", line 369, in write
    return self.f.write(*args, **kwargs)
OSError: [Errno 28] No space left on device

During handling of the above exception, another exception occurred:

OSError: [Errno 28] No space left on device

During handling of the above exception, another exception occurred:

Traceback (most recent call last):
  File "/exports/sascstudent/svanderwal2/programs/train_programs/huggingface_tutorial_finetuning.py", line 16, in <module>
    tokenized_datasets = dataset.map(tokenize_function, batched=True)
  File "/exports/sascstudent/svanderwal2/miniconda3/envs/train_sasc/lib/python3.10/site-packages/datasets/dataset_dict.py", line 853, in map
    {
  File "/exports/sascstudent/svanderwal2/miniconda3/envs/train_sasc/lib/python3.10/site-packages/datasets/dataset_dict.py", line 854, in <dictcomp>
    k: dataset.map(
  File "/exports/sascstudent/svanderwal2/miniconda3/envs/train_sasc/lib/python3.10/site-packages/datasets/arrow_dataset.py", line 592, in wrapper
    out: Union["Dataset", "DatasetDict"] = func(self, *args, **kwargs)
  File "/exports/sascstudent/svanderwal2/miniconda3/envs/train_sasc/lib/python3.10/site-packages/datasets/arrow_dataset.py", line 557, in wrapper
    out: Union["Dataset", "DatasetDict"] = func(self, *args, **kwargs)
  File "/exports/sascstudent/svanderwal2/miniconda3/envs/train_sasc/lib/python3.10/site-packages/datasets/arrow_dataset.py", line 3097, in map
    for rank, done, content in Dataset._map_single(**dataset_kwargs):
  File "/exports/sascstudent/svanderwal2/miniconda3/envs/train_sasc/lib/python3.10/site-packages/datasets/arrow_dataset.py", line 3505, in _map_single
    writer.finalize()
  File "/exports/sascstudent/svanderwal2/miniconda3/envs/train_sasc/lib/python3.10/site-packages/datasets/arrow_writer.py", line 594, in finalize
    self.stream.close()
  File "/exports/sascstudent/svanderwal2/miniconda3/envs/train_sasc/lib/python3.10/site-packages/fsspec/implementations/local.py", line 387, in close
    return self.f.close()
OSError: [Errno 28] No space left on device
Exception ignored in: <function _TemporaryFileCloser.__del__ at 0x7f86af559fc0>
Traceback (most recent call last):
  File "/exports/sascstudent/svanderwal2/miniconda3/envs/train_sasc/lib/python3.10/tempfile.py", line 450, in __del__
    self.close()
  File "/exports/sascstudent/svanderwal2/miniconda3/envs/train_sasc/lib/python3.10/tempfile.py", line 443, in close
    self.file.close()
OSError: [Errno 28] No space left on device
